<?xml version="1.0" encoding="UTF-8"?>
<testsuite name="com.jojoldu.book.springboot.domain.posts.PostsRepositoryTest" tests="1" skipped="0" failures="0" errors="0" timestamp="2023-02-01T13:45:51" hostname="iseung-yeol-ui-MacBookPro.local" time="0.089">
  <properties/>
  <testcase name="게시글저장_불러오기()" classname="com.jojoldu.book.springboot.domain.posts.PostsRepositoryTest" time="0.089"/>
  <system-out><![CDATA[2023-02-01 22:45:49.729  INFO 45486 --- [    Test worker] .b.t.c.SpringBootTestContextBootstrapper : Neither @ContextConfiguration nor @ContextHierarchy found for test class [com.jojoldu.book.springboot.domain.posts.PostsRepositoryTest], using SpringBootContextLoader
2023-02-01 22:45:49.730  INFO 45486 --- [    Test worker] o.s.t.c.support.AbstractContextLoader    : Could not detect default resource locations for test class [com.jojoldu.book.springboot.domain.posts.PostsRepositoryTest]: no resource found for suffixes {-context.xml, Context.groovy}.
2023-02-01 22:45:49.730  INFO 45486 --- [    Test worker] t.c.s.AnnotationConfigContextLoaderUtils : Could not detect default configuration classes for test class [com.jojoldu.book.springboot.domain.posts.PostsRepositoryTest]: PostsRepositoryTest does not declare any static, non-private, non-final, nested classes annotated with @Configuration.
2023-02-01 22:45:49.733  INFO 45486 --- [    Test worker] .b.t.c.SpringBootTestContextBootstrapper : Found @SpringBootConfiguration com.jojoldu.book.springboot.Application for test class com.jojoldu.book.springboot.domain.posts.PostsRepositoryTest
2023-02-01 22:45:49.735  INFO 45486 --- [    Test worker] .b.t.c.SpringBootTestContextBootstrapper : Loaded default TestExecutionListener class names from location [META-INF/spring.factories]: [org.springframework.security.test.context.support.WithSecurityContextTestExecutionListener, org.springframework.security.test.context.support.ReactorContextTestExecutionListener, org.springframework.boot.test.autoconfigure.restdocs.RestDocsTestExecutionListener, org.springframework.boot.test.autoconfigure.web.client.MockRestServiceServerResetTestExecutionListener, org.springframework.boot.test.autoconfigure.web.servlet.MockMvcPrintOnlyOnFailureTestExecutionListener, org.springframework.boot.test.autoconfigure.web.servlet.WebDriverTestExecutionListener, org.springframework.boot.test.autoconfigure.webservices.client.MockWebServiceServerTestExecutionListener, org.springframework.boot.test.mock.mockito.MockitoTestExecutionListener, org.springframework.boot.test.mock.mockito.ResetMocksTestExecutionListener, org.springframework.test.context.web.ServletTestExecutionListener, org.springframework.test.context.support.DirtiesContextBeforeModesTestExecutionListener, org.springframework.test.context.support.DependencyInjectionTestExecutionListener, org.springframework.test.context.support.DirtiesContextTestExecutionListener, org.springframework.test.context.transaction.TransactionalTestExecutionListener, org.springframework.test.context.jdbc.SqlScriptsTestExecutionListener, org.springframework.test.context.event.EventPublishingTestExecutionListener]
2023-02-01 22:45:49.736  INFO 45486 --- [    Test worker] .b.t.c.SpringBootTestContextBootstrapper : Using TestExecutionListeners: [org.springframework.test.context.web.ServletTestExecutionListener@3cdc7b09, org.springframework.test.context.support.DirtiesContextBeforeModesTestExecutionListener@7364eed1, org.springframework.boot.test.mock.mockito.MockitoTestExecutionListener@684e8c9d, org.springframework.boot.test.autoconfigure.SpringBootDependencyInjectionTestExecutionListener@6ecc02bb, org.springframework.test.context.support.DirtiesContextTestExecutionListener@31973858, org.springframework.test.context.transaction.TransactionalTestExecutionListener@65514add, org.springframework.test.context.jdbc.SqlScriptsTestExecutionListener@79e7188e, org.springframework.security.test.context.support.WithSecurityContextTestExecutionListener@773014d3, org.springframework.test.context.event.EventPublishingTestExecutionListener@7fedb795, org.springframework.security.test.context.support.ReactorContextTestExecutionListener@10850d17, org.springframework.boot.test.autoconfigure.restdocs.RestDocsTestExecutionListener@51e754e1, org.springframework.boot.test.autoconfigure.web.client.MockRestServiceServerResetTestExecutionListener@26865482, org.springframework.boot.test.autoconfigure.web.servlet.MockMvcPrintOnlyOnFailureTestExecutionListener@34451ed8, org.springframework.boot.test.autoconfigure.web.servlet.WebDriverTestExecutionListener@c1050f2, org.springframework.boot.test.autoconfigure.webservices.client.MockWebServiceServerTestExecutionListener@67bb4dcd, org.springframework.boot.test.mock.mockito.ResetMocksTestExecutionListener@738d37fc]

  .   ____          _            __ _ _
 /\\ / ___'_ __ _ _(_)_ __  __ _ \ \ \ \
( ( )\___ | '_ | '_| | '_ \/ _` | \ \ \ \
 \\/  ___)| |_)| | | | | || (_| |  ) ) ) )
  '  |____| .__|_| |_|_| |_\__, | / / / /
 =========|_|==============|___/=/_/_/_/
 :: Spring Boot ::                (v2.4.1)

2023-02-01 22:45:49.749  INFO 45486 --- [    Test worker] c.j.b.s.d.posts.PostsRepositoryTest      : Starting PostsRepositoryTest using Java 1.8.0_332 on iseung-yeol-ui-MacBookPro.local with PID 45486 (started by LEESEUNGYEOL in /Users/LEESEUNGYEOL/study/spring/freelec-springboot2-webservice)
2023-02-01 22:45:49.750  INFO 45486 --- [    Test worker] c.j.b.s.d.posts.PostsRepositoryTest      : The following profiles are active: oauth
2023-02-01 22:45:49.941  INFO 45486 --- [    Test worker] .s.d.r.c.RepositoryConfigurationDelegate : Bootstrapping Spring Data JPA repositories in DEFAULT mode.
2023-02-01 22:45:49.974  INFO 45486 --- [    Test worker] .s.d.r.c.RepositoryConfigurationDelegate : Finished Spring Data repository scanning in 29 ms. Found 2 JPA repository interfaces.
2023-02-01 22:45:50.202  INFO 45486 --- [    Test worker] com.zaxxer.hikari.HikariDataSource       : HikariPool-1 - Starting...
2023-02-01 22:45:50.301  INFO 45486 --- [    Test worker] com.zaxxer.hikari.HikariDataSource       : HikariPool-1 - Start completed.
2023-02-01 22:45:50.346  INFO 45486 --- [    Test worker] o.hibernate.jpa.internal.util.LogHelper  : HHH000204: Processing PersistenceUnitInfo [name: default]
2023-02-01 22:45:50.384  INFO 45486 --- [    Test worker] org.hibernate.Version                    : HHH000412: Hibernate ORM core version 5.4.25.Final
2023-02-01 22:45:50.416  INFO 45486 --- [    Test worker] o.hibernate.annotations.common.Version   : HCANN000001: Hibernate Commons Annotations {5.1.2.Final}
2023-02-01 22:45:50.488  INFO 45486 --- [    Test worker] org.hibernate.dialect.Dialect            : HHH000400: Using dialect: org.hibernate.dialect.MySQL57Dialect
Hibernate: drop table if exists posts
Hibernate: drop table if exists user
Hibernate: create table posts (id bigint not null auto_increment, created_date datetime(6), modified_date_time datetime(6), author varchar(255), content TEXT not null, title varchar(500) not null, primary key (id)) engine=InnoDB
Hibernate: create table user (id bigint not null auto_increment, created_date datetime(6), modified_date_time datetime(6), email varchar(255) not null, name varchar(255) not null, picture varchar(255), role varchar(255) not null, primary key (id)) engine=InnoDB
2023-02-01 22:45:50.941  INFO 45486 --- [    Test worker] o.h.e.t.j.p.i.JtaPlatformInitiator       : HHH000490: Using JtaPlatform implementation: [org.hibernate.engine.transaction.jta.platform.internal.NoJtaPlatform]
2023-02-01 22:45:50.945  INFO 45486 --- [    Test worker] j.LocalContainerEntityManagerFactoryBean : Initialized JPA EntityManagerFactory for persistence unit 'default'
2023-02-01 22:45:51.177  WARN 45486 --- [    Test worker] JpaBaseConfiguration$JpaWebConfiguration : spring.jpa.open-in-view is enabled by default. Therefore, database queries may be performed during view rendering. Explicitly configure spring.jpa.open-in-view to disable this warning
2023-02-01 22:45:51.358  INFO 45486 --- [    Test worker] o.s.s.web.DefaultSecurityFilterChain     : Will secure any request with [org.springframework.security.web.context.request.async.WebAsyncManagerIntegrationFilter@4769378c, org.springframework.security.web.context.SecurityContextPersistenceFilter@32f14274, org.springframework.security.web.header.HeaderWriterFilter@296bfddb, org.springframework.security.web.authentication.logout.LogoutFilter@348bd063, org.springframework.security.oauth2.client.web.OAuth2AuthorizationRequestRedirectFilter@22ab1b8a, org.springframework.security.oauth2.client.web.OAuth2LoginAuthenticationFilter@320770d7, org.springframework.security.web.authentication.ui.DefaultLoginPageGeneratingFilter@67ceaa9, org.springframework.security.web.authentication.ui.DefaultLogoutPageGeneratingFilter@1d6a22dd, org.springframework.security.web.savedrequest.RequestCacheAwareFilter@7af56b26, org.springframework.security.web.servletapi.SecurityContextHolderAwareRequestFilter@c86c486, org.springframework.security.web.authentication.AnonymousAuthenticationFilter@67671db1, org.springframework.security.web.session.SessionManagementFilter@508b4f70, org.springframework.security.web.access.ExceptionTranslationFilter@50930bff, org.springframework.security.web.access.intercept.FilterSecurityInterceptor@2e7e84f8]
2023-02-01 22:45:51.471  INFO 45486 --- [    Test worker] o.s.s.concurrent.ThreadPoolTaskExecutor  : Initializing ExecutorService 'applicationTaskExecutor'
2023-02-01 22:45:51.481  INFO 45486 --- [    Test worker] o.s.b.a.h2.H2ConsoleAutoConfiguration    : H2 console available at '/h2-console'. Database available at 'jdbc:h2:mem:testdb'
2023-02-01 22:45:51.498  INFO 45486 --- [    Test worker] o.s.b.a.w.s.WelcomePageHandlerMapping    : Adding welcome page template: index
2023-02-01 22:45:51.667  INFO 45486 --- [    Test worker] s.a.ScheduledAnnotationBeanPostProcessor : No TaskScheduler/ScheduledExecutorService bean found for scheduled processing
2023-02-01 22:45:51.670  INFO 45486 --- [    Test worker] c.j.b.s.d.posts.PostsRepositoryTest      : Started PostsRepositoryTest in 1.933 seconds (JVM running for 4.113)
Hibernate: insert into posts (created_date, modified_date_time, author, content, title) values (?, ?, ?, ?, ?)
Hibernate: select posts0_.id as id1_0_, posts0_.created_date as created_2_0_, posts0_.modified_date_time as modified3_0_, posts0_.author as author4_0_, posts0_.content as content5_0_, posts0_.title as title6_0_ from posts posts0_
]]></system-out>
  <system-err><![CDATA[]]></system-err>
</testsuite>
