<?xml version="1.0" encoding="UTF-8"?>
<testsuite name="com.jojoldu.book.springboot.web.indexControllerTest" tests="1" skipped="0" failures="0" errors="0" timestamp="2023-02-01T13:45:52" hostname="iseung-yeol-ui-MacBookPro.local" time="0.105">
  <properties/>
  <testcase name="메인페이지_로딩()" classname="com.jojoldu.book.springboot.web.indexControllerTest" time="0.105"/>
  <system-out><![CDATA[2023-02-01 22:45:52.625  INFO 45486 --- [    Test worker] .b.t.c.SpringBootTestContextBootstrapper : Neither @ContextConfiguration nor @ContextHierarchy found for test class [com.jojoldu.book.springboot.web.indexControllerTest], using SpringBootContextLoader
2023-02-01 22:45:52.626  INFO 45486 --- [    Test worker] o.s.t.c.support.AbstractContextLoader    : Could not detect default resource locations for test class [com.jojoldu.book.springboot.web.indexControllerTest]: no resource found for suffixes {-context.xml, Context.groovy}.
2023-02-01 22:45:52.626  INFO 45486 --- [    Test worker] t.c.s.AnnotationConfigContextLoaderUtils : Could not detect default configuration classes for test class [com.jojoldu.book.springboot.web.indexControllerTest]: indexControllerTest does not declare any static, non-private, non-final, nested classes annotated with @Configuration.
2023-02-01 22:45:52.627  INFO 45486 --- [    Test worker] .b.t.c.SpringBootTestContextBootstrapper : Found @SpringBootConfiguration com.jojoldu.book.springboot.Application for test class com.jojoldu.book.springboot.web.indexControllerTest
2023-02-01 22:45:52.628  INFO 45486 --- [    Test worker] .b.t.c.SpringBootTestContextBootstrapper : Loaded default TestExecutionListener class names from location [META-INF/spring.factories]: [org.springframework.security.test.context.support.WithSecurityContextTestExecutionListener, org.springframework.security.test.context.support.ReactorContextTestExecutionListener, org.springframework.boot.test.autoconfigure.restdocs.RestDocsTestExecutionListener, org.springframework.boot.test.autoconfigure.web.client.MockRestServiceServerResetTestExecutionListener, org.springframework.boot.test.autoconfigure.web.servlet.MockMvcPrintOnlyOnFailureTestExecutionListener, org.springframework.boot.test.autoconfigure.web.servlet.WebDriverTestExecutionListener, org.springframework.boot.test.autoconfigure.webservices.client.MockWebServiceServerTestExecutionListener, org.springframework.boot.test.mock.mockito.MockitoTestExecutionListener, org.springframework.boot.test.mock.mockito.ResetMocksTestExecutionListener, org.springframework.test.context.web.ServletTestExecutionListener, org.springframework.test.context.support.DirtiesContextBeforeModesTestExecutionListener, org.springframework.test.context.support.DependencyInjectionTestExecutionListener, org.springframework.test.context.support.DirtiesContextTestExecutionListener, org.springframework.test.context.transaction.TransactionalTestExecutionListener, org.springframework.test.context.jdbc.SqlScriptsTestExecutionListener, org.springframework.test.context.event.EventPublishingTestExecutionListener]
2023-02-01 22:45:52.628  INFO 45486 --- [    Test worker] .b.t.c.SpringBootTestContextBootstrapper : Using TestExecutionListeners: [org.springframework.test.context.web.ServletTestExecutionListener@3e3a07ab, org.springframework.test.context.support.DirtiesContextBeforeModesTestExecutionListener@3f3a529f, org.springframework.boot.test.mock.mockito.MockitoTestExecutionListener@ce8b59e, org.springframework.boot.test.autoconfigure.SpringBootDependencyInjectionTestExecutionListener@5aa5b3af, org.springframework.test.context.support.DirtiesContextTestExecutionListener@344cf00f, org.springframework.test.context.transaction.TransactionalTestExecutionListener@598ff2b3, org.springframework.test.context.jdbc.SqlScriptsTestExecutionListener@1002f859, org.springframework.security.test.context.support.WithSecurityContextTestExecutionListener@67cd193d, org.springframework.test.context.event.EventPublishingTestExecutionListener@34525143, org.springframework.security.test.context.support.ReactorContextTestExecutionListener@126e2710, org.springframework.boot.test.autoconfigure.restdocs.RestDocsTestExecutionListener@1529d534, org.springframework.boot.test.autoconfigure.web.client.MockRestServiceServerResetTestExecutionListener@1a22325d, org.springframework.boot.test.autoconfigure.web.servlet.MockMvcPrintOnlyOnFailureTestExecutionListener@3c5cb013, org.springframework.boot.test.autoconfigure.web.servlet.WebDriverTestExecutionListener@5f69462f, org.springframework.boot.test.autoconfigure.webservices.client.MockWebServiceServerTestExecutionListener@432b883, org.springframework.boot.test.mock.mockito.ResetMocksTestExecutionListener@f09c282]
2023-02-01 22:45:52.695  INFO 45486 --- [o-auto-1-exec-1] o.a.c.c.C.[Tomcat].[localhost].[/]       : Initializing Spring DispatcherServlet 'dispatcherServlet'
2023-02-01 22:45:52.695  INFO 45486 --- [o-auto-1-exec-1] o.s.web.servlet.DispatcherServlet        : Initializing Servlet 'dispatcherServlet'
2023-02-01 22:45:52.695  INFO 45486 --- [o-auto-1-exec-1] o.s.web.servlet.DispatcherServlet        : Completed initialization in 0 ms
Hibernate: select posts0_.id as id1_0_, posts0_.created_date as created_2_0_, posts0_.modified_date_time as modified3_0_, posts0_.author as author4_0_, posts0_.content as content5_0_, posts0_.title as title6_0_ from posts posts0_ order by posts0_.id DESC
]]></system-out>
  <system-err><![CDATA[]]></system-err>
</testsuite>
